2024-08-29 20:50:46.588 [main] INFO  r.n.MoneyTransferServiceApplication - Starting MoneyTransferServiceApplication using Java 17.0.10 on nsmikabeast with PID 9408 (C:\Users\Администратор\IdeaProjects\TransferCard\target\classes started by Миша in C:\Users\Администратор\IdeaProjects\TransferCard)
2024-08-29 20:50:46.594 [main] INFO  r.n.MoneyTransferServiceApplication - No active profile set, falling back to 1 default profile: "default"
2024-08-29 20:50:47.360 [main] INFO  o.s.b.w.e.tomcat.TomcatWebServer - Tomcat initialized with port(s): 5500 (http)
2024-08-29 20:50:47.368 [main] INFO  o.a.coyote.http11.Http11NioProtocol - Initializing ProtocolHandler ["http-nio-5500"]
2024-08-29 20:50:47.368 [main] INFO  o.a.catalina.core.StandardService - Starting service [Tomcat]
2024-08-29 20:50:47.368 [main] INFO  o.a.catalina.core.StandardEngine - Starting Servlet engine: [Apache Tomcat/9.0.68]
2024-08-29 20:50:47.441 [main] INFO  o.a.c.c.C.[Tomcat].[localhost].[/] - Initializing Spring embedded WebApplicationContext
2024-08-29 20:50:47.441 [main] INFO  o.s.b.w.s.c.ServletWebServerApplicationContext - Root WebApplicationContext: initialization completed in 808 ms
2024-08-29 20:50:47.681 [main] INFO  o.a.coyote.http11.Http11NioProtocol - Starting ProtocolHandler ["http-nio-5500"]
2024-08-29 20:50:47.697 [main] INFO  o.s.b.w.e.tomcat.TomcatWebServer - Tomcat started on port(s): 5500 (http) with context path ''
2024-08-29 20:50:47.704 [main] INFO  r.n.MoneyTransferServiceApplication - Started MoneyTransferServiceApplication in 1.4 seconds (JVM running for 1.836)
2024-08-29 20:51:25.512 [http-nio-5500-exec-1] INFO  o.a.c.c.C.[Tomcat].[localhost].[/] - Initializing Spring DispatcherServlet 'dispatcherServlet'
2024-08-29 20:51:25.512 [http-nio-5500-exec-1] INFO  o.s.web.servlet.DispatcherServlet - Initializing Servlet 'dispatcherServlet'
2024-08-29 20:51:25.512 [http-nio-5500-exec-1] INFO  o.s.web.servlet.DispatcherServlet - Completed initialization in 0 ms
2024-08-29 20:52:26.633 [main] INFO  r.n.MoneyTransferServiceApplication - Starting MoneyTransferServiceApplication using Java 17.0.10 on nsmikabeast with PID 10356 (C:\Users\Администратор\IdeaProjects\TransferCard\target\classes started by Миша in C:\Users\Администратор\IdeaProjects\TransferCard)
2024-08-29 20:52:26.635 [main] INFO  r.n.MoneyTransferServiceApplication - No active profile set, falling back to 1 default profile: "default"
2024-08-29 20:52:27.306 [main] INFO  o.s.b.w.e.tomcat.TomcatWebServer - Tomcat initialized with port(s): 5500 (http)
2024-08-29 20:52:27.315 [main] INFO  o.a.coyote.http11.Http11NioProtocol - Initializing ProtocolHandler ["http-nio-5500"]
2024-08-29 20:52:27.315 [main] INFO  o.a.catalina.core.StandardService - Starting service [Tomcat]
2024-08-29 20:52:27.315 [main] INFO  o.a.catalina.core.StandardEngine - Starting Servlet engine: [Apache Tomcat/9.0.68]
2024-08-29 20:52:27.380 [main] INFO  o.a.c.c.C.[Tomcat].[localhost].[/] - Initializing Spring embedded WebApplicationContext
2024-08-29 20:52:27.380 [main] INFO  o.s.b.w.s.c.ServletWebServerApplicationContext - Root WebApplicationContext: initialization completed in 709 ms
2024-08-29 20:52:27.612 [main] INFO  o.a.coyote.http11.Http11NioProtocol - Starting ProtocolHandler ["http-nio-5500"]
2024-08-29 20:52:27.631 [main] INFO  o.s.b.w.e.tomcat.TomcatWebServer - Tomcat started on port(s): 5500 (http) with context path ''
2024-08-29 20:52:27.638 [main] INFO  r.n.MoneyTransferServiceApplication - Started MoneyTransferServiceApplication in 1.272 seconds (JVM running for 1.619)
2024-08-29 20:54:03.375 [main] INFO  r.n.MoneyTransferServiceApplication - Starting MoneyTransferServiceApplication using Java 17.0.10 on nsmikabeast with PID 18888 (C:\Users\Администратор\IdeaProjects\TransferCard\target\classes started by Миша in C:\Users\Администратор\IdeaProjects\TransferCard)
2024-08-29 20:54:03.377 [main] INFO  r.n.MoneyTransferServiceApplication - No active profile set, falling back to 1 default profile: "default"
2024-08-29 20:54:04.042 [main] INFO  o.s.b.w.e.tomcat.TomcatWebServer - Tomcat initialized with port(s): 5500 (http)
2024-08-29 20:54:04.051 [main] INFO  o.a.coyote.http11.Http11NioProtocol - Initializing ProtocolHandler ["http-nio-5500"]
2024-08-29 20:54:04.051 [main] INFO  o.a.catalina.core.StandardService - Starting service [Tomcat]
2024-08-29 20:54:04.051 [main] INFO  o.a.catalina.core.StandardEngine - Starting Servlet engine: [Apache Tomcat/9.0.68]
2024-08-29 20:54:04.125 [main] INFO  o.a.c.c.C.[Tomcat].[localhost].[/] - Initializing Spring embedded WebApplicationContext
2024-08-29 20:54:04.125 [main] INFO  o.s.b.w.s.c.ServletWebServerApplicationContext - Root WebApplicationContext: initialization completed in 710 ms
2024-08-29 20:54:04.368 [main] INFO  o.a.coyote.http11.Http11NioProtocol - Starting ProtocolHandler ["http-nio-5500"]
2024-08-29 20:54:04.383 [main] INFO  o.s.b.w.e.tomcat.TomcatWebServer - Tomcat started on port(s): 5500 (http) with context path ''
2024-08-29 20:54:04.391 [main] INFO  r.n.MoneyTransferServiceApplication - Started MoneyTransferServiceApplication in 1.268 seconds (JVM running for 1.611)
2024-08-29 20:54:04.518 [http-nio-5500-exec-1] INFO  o.a.c.c.C.[Tomcat].[localhost].[/] - Initializing Spring DispatcherServlet 'dispatcherServlet'
2024-08-29 20:54:04.518 [http-nio-5500-exec-1] INFO  o.s.web.servlet.DispatcherServlet - Initializing Servlet 'dispatcherServlet'
2024-08-29 20:54:04.519 [http-nio-5500-exec-1] INFO  o.s.web.servlet.DispatcherServlet - Completed initialization in 1 ms
2024-08-29 20:55:37.273 [http-nio-5500-exec-6] WARN  o.s.w.s.m.s.DefaultHandlerExceptionResolver - Resolved [org.springframework.web.HttpRequestMethodNotSupportedException: Request method 'GET' not supported]
2024-08-29 21:01:08.186 [main] INFO  r.n.MoneyTransferServiceApplication - Starting MoneyTransferServiceApplication using Java 17.0.10 on nsmikabeast with PID 11916 (C:\Users\Администратор\IdeaProjects\TransferCard\target\classes started by Миша in C:\Users\Администратор\IdeaProjects\TransferCard)
2024-08-29 21:01:08.188 [main] INFO  r.n.MoneyTransferServiceApplication - No active profile set, falling back to 1 default profile: "default"
2024-08-29 21:01:08.918 [main] INFO  o.s.b.w.e.tomcat.TomcatWebServer - Tomcat initialized with port(s): 5500 (http)
2024-08-29 21:01:08.926 [main] INFO  o.a.coyote.http11.Http11NioProtocol - Initializing ProtocolHandler ["http-nio-5500"]
2024-08-29 21:01:08.927 [main] INFO  o.a.catalina.core.StandardService - Starting service [Tomcat]
2024-08-29 21:01:08.927 [main] INFO  o.a.catalina.core.StandardEngine - Starting Servlet engine: [Apache Tomcat/9.0.68]
2024-08-29 21:01:08.992 [main] INFO  o.a.c.c.C.[Tomcat].[localhost].[/] - Initializing Spring embedded WebApplicationContext
2024-08-29 21:01:08.992 [main] INFO  o.s.b.w.s.c.ServletWebServerApplicationContext - Root WebApplicationContext: initialization completed in 765 ms
2024-08-29 21:01:09.227 [main] INFO  o.a.coyote.http11.Http11NioProtocol - Starting ProtocolHandler ["http-nio-5500"]
2024-08-29 21:01:09.241 [main] INFO  o.s.b.w.e.tomcat.TomcatWebServer - Tomcat started on port(s): 5500 (http) with context path ''
2024-08-29 21:01:09.248 [main] INFO  r.n.MoneyTransferServiceApplication - Started MoneyTransferServiceApplication in 1.377 seconds (JVM running for 1.748)
2024-08-29 21:01:30.407 [http-nio-5500-exec-1] INFO  o.a.c.c.C.[Tomcat].[localhost].[/] - Initializing Spring DispatcherServlet 'dispatcherServlet'
2024-08-29 21:01:30.407 [http-nio-5500-exec-1] INFO  o.s.web.servlet.DispatcherServlet - Initializing Servlet 'dispatcherServlet'
2024-08-29 21:01:30.408 [http-nio-5500-exec-1] INFO  o.s.web.servlet.DispatcherServlet - Completed initialization in 1 ms
2024-08-29 21:01:37.433 [http-nio-5500-exec-2] WARN  o.s.w.s.m.s.DefaultHandlerExceptionResolver - Resolved [org.springframework.web.HttpRequestMethodNotSupportedException: Request method 'GET' not supported]
2024-08-29 21:01:50.461 [http-nio-5500-exec-3] WARN  o.s.w.s.m.s.DefaultHandlerExceptionResolver - Resolved [org.springframework.web.HttpRequestMethodNotSupportedException: Request method 'GET' not supported]
2024-08-29 21:02:57.689 [main] INFO  r.n.MoneyTransferServiceApplication - Starting MoneyTransferServiceApplication using Java 17.0.10 on nsmikabeast with PID 12040 (C:\Users\Администратор\IdeaProjects\TransferCard\target\classes started by Миша in C:\Users\Администратор\IdeaProjects\TransferCard)
2024-08-29 21:02:57.692 [main] INFO  r.n.MoneyTransferServiceApplication - No active profile set, falling back to 1 default profile: "default"
2024-08-29 21:02:58.360 [main] INFO  o.s.b.w.e.tomcat.TomcatWebServer - Tomcat initialized with port(s): 5500 (http)
2024-08-29 21:02:58.367 [main] INFO  o.a.coyote.http11.Http11NioProtocol - Initializing ProtocolHandler ["http-nio-5500"]
2024-08-29 21:02:58.367 [main] INFO  o.a.catalina.core.StandardService - Starting service [Tomcat]
2024-08-29 21:02:58.367 [main] INFO  o.a.catalina.core.StandardEngine - Starting Servlet engine: [Apache Tomcat/9.0.68]
2024-08-29 21:02:58.434 [main] INFO  o.a.c.c.C.[Tomcat].[localhost].[/] - Initializing Spring embedded WebApplicationContext
2024-08-29 21:02:58.434 [main] INFO  o.s.b.w.s.c.ServletWebServerApplicationContext - Root WebApplicationContext: initialization completed in 704 ms
2024-08-29 21:02:58.663 [main] INFO  o.a.coyote.http11.Http11NioProtocol - Starting ProtocolHandler ["http-nio-5500"]
2024-08-29 21:02:58.678 [main] INFO  o.s.b.w.e.tomcat.TomcatWebServer - Tomcat started on port(s): 5500 (http) with context path ''
2024-08-29 21:02:58.684 [main] INFO  r.n.MoneyTransferServiceApplication - Started MoneyTransferServiceApplication in 1.252 seconds (JVM running for 1.589)
